2023-12-27 21:55:42,693 : DEBUG : delivery_services.truck : truck #: 1delivered: 14at 8:06 o'clock local time.The package was left at 4300 S 1300 E (84117)after having traveled a total of 1.9 miles.
2023-12-27 21:55:42,693 : DEBUG : delivery_services.truck : truck #: 1delivered: 16at 8:13 o'clock local time.The package was left at 4580 S 2300 E (84117)after having traveled a total of 3.9 miles.
2023-12-27 21:55:42,693 : DEBUG : delivery_services.truck : truck #: 1delivered: 15at 8:13 o'clock local time.The package was left at 4580 S 2300 E (84117)after having traveled a total of 3.9 miles.
2023-12-27 21:55:42,693 : DEBUG : delivery_services.truck : truck #: 1delivered: 34at 8:13 o'clock local time.The package was left at 4580 S 2300 E (84117)after having traveled a total of 3.9 miles.
2023-12-27 21:55:42,694 : DEBUG : delivery_services.truck : truck #: 1delivered: 19at 8:30 o'clock local time.The package was left at 177 W Price Ave (84115)after having traveled a total of 9.1 miles.
2023-12-27 21:55:42,694 : DEBUG : delivery_services.truck : truck #: 1delivered: 20at 8:32 o'clock local time.The package was left at 3595 Main St (84115)after having traveled a total of 9.6 miles.
2023-12-27 21:55:42,694 : DEBUG : delivery_services.truck : truck #: 1delivered: 21at 8:32 o'clock local time.The package was left at 3595 Main St (84115)after having traveled a total of 9.6 miles.
2023-12-27 21:55:42,694 : DEBUG : delivery_services.truck : truck #: 1delivered: 40at 8:37 o'clock local time.The package was left at 380 W 2880 S (84115)after having traveled a total of 11.2 miles.
2023-12-27 21:55:42,694 : DEBUG : delivery_services.truck : truck #: 1delivered: 4at 8:37 o'clock local time.The package was left at 380 W 2880 S (84115)after having traveled a total of 11.2 miles.
2023-12-27 21:55:42,694 : DEBUG : delivery_services.truck : truck #: 1delivered: 1at 8:41 o'clock local time.The package was left at 195 W Oakland Ave (84115)after having traveled a total of 12.3 miles.
2023-12-27 21:55:42,694 : DEBUG : delivery_services.truck : truck #: 1delivered: 29at 8:50 o'clock local time.The package was left at 1330 2100 S (84106)after having traveled a total of 15.1 miles.
2023-12-27 21:55:42,694 : DEBUG : delivery_services.truck : truck #: 1delivered: 7at 8:50 o'clock local time.The package was left at 1330 2100 S (84106)after having traveled a total of 15.1 miles.
2023-12-27 21:55:42,694 : DEBUG : delivery_services.truck : truck #: 1delivered: 37at 9:04 o'clock local time.The package was left at 410 S State St (84111)after having traveled a total of 19.4 miles.
2023-12-27 21:55:42,694 : DEBUG : delivery_services.truck : truck #: 1delivered: 5at 9:04 o'clock local time.The package was left at 410 S State St (84111)after having traveled a total of 19.4 miles.
2023-12-27 21:55:42,694 : DEBUG : delivery_services.truck : truck #: 1delivered: 30at 9:08 o'clock local time.The package was left at 300 State St (84103)after having traveled a total of 20.4 miles.
2023-12-27 21:55:42,694 : DEBUG : delivery_services.truck : truck #: 1delivered: 8at 9:08 o'clock local time.The package was left at 300 State St (84103)after having traveled a total of 20.4 miles.
2023-12-27 21:55:42,695 : DEBUG : delivery_services.truck : truck #: 2delivered: 31at 8:12 o'clock local time.The package was left at 3365 S 900 W (84119)after having traveled a total of 3.7 miles.
2023-12-27 21:55:42,695 : DEBUG : delivery_services.truck : truck #: 2delivered: 13at 8:31 o'clock local time.The package was left at 2010 W 500 S (84104)after having traveled a total of 9.5 miles.
2023-12-27 21:55:42,695 : DEBUG : delivery_services.truck : truck #: 2delivered: 39at 8:31 o'clock local time.The package was left at 2010 W 500 S (84104)after having traveled a total of 9.5 miles.
2023-12-27 21:55:42,695 : DEBUG : delivery_services.truck : truck #: 2delivered: 27at 8:37 o'clock local time.The package was left at 1060 Dalton Ave S (84104)after having traveled a total of 11.1 miles.
2023-12-27 21:55:42,695 : DEBUG : delivery_services.truck : truck #: 2delivered: 35at 8:37 o'clock local time.The package was left at 1060 Dalton Ave S (84104)after having traveled a total of 11.1 miles.
2023-12-27 21:55:42,695 : DEBUG : delivery_services.truck : truck #: 2delivered: 36at 8:46 o'clock local time.The package was left at 2300 Parkway Blvd (84119)after having traveled a total of 13.9 miles.
2023-12-27 21:55:42,695 : DEBUG : delivery_services.truck : truck #: 2delivered: 12at 8:56 o'clock local time.The package was left at 3575 W Valley Central Station bus Loop (84119)after having traveled a total of 17.0 miles.
2023-12-27 21:55:42,695 : DEBUG : delivery_services.truck : truck #: 2delivered: 10at 9:17 o'clock local time.The package was left at 600 E 900 S (84105)after having traveled a total of 23.2 miles.
2023-12-27 21:55:42,695 : DEBUG : delivery_services.truck : truck #: 2delivered: 38at 9:23 o'clock local time.The package was left at 410 S State St (84111)after having traveled a total of 25.0 miles.
2023-12-27 21:55:42,695 : DEBUG : delivery_services.truck : truck #: 2delivered: 3at 9:26 o'clock local time.The package was left at 233 Canyon Rd (84103)after having traveled a total of 26.0 miles.
2023-12-27 21:55:42,695 : DEBUG : delivery_services.truck : truck #: 2delivered: 2at 9:42 o'clock local time.The package was left at 2530 S 500 E (84106)after having traveled a total of 30.8 miles.
2023-12-27 21:55:42,695 : DEBUG : delivery_services.truck : truck #: 2delivered: 33at 9:42 o'clock local time.The package was left at 2530 S 500 E (84106)after having traveled a total of 30.8 miles.
2023-12-27 21:55:42,695 : DEBUG : delivery_services.truck : truck #: 2delivered: 17at 9:55 o'clock local time.The package was left at 3148 S 1100 W (84119)after having traveled a total of 34.5 miles.
2023-12-27 21:55:42,695 : DEBUG : delivery_services.truck : truck #: 2delivered: 18at 10:09 o'clock local time.The package was left at 1488 4800 S (84123)after having traveled a total of 38.8 miles.
2023-12-27 21:55:42,695 : DEBUG : delivery_services.truck : truck #: 2delivered: 23at 10:11 o'clock local time.The package was left at 5100 S 2700 W (84118)after having traveled a total of 39.4 miles.
2023-12-27 21:55:42,695 : DEBUG : delivery_services.truck : truck #: 2delivered: 11at 10:12 o'clock local time.The package was left at 2600 Taylorsville Blvd (84118)after having traveled a total of 39.8 miles.
2023-12-27 21:55:42,696 : DEBUG : delivery_services.truck : truck #: 1delivered: 25at 9:41 o'clock local time.The package was left at 5383 S 900 E #104 (84117)after having traveled a total of 30.4 miles.
2023-12-27 21:55:42,696 : DEBUG : delivery_services.truck : truck #: 1delivered: 26at 9:41 o'clock local time.The package was left at 5383 S 900 E #104 (84117)after having traveled a total of 30.4 miles.
2023-12-27 21:55:42,696 : DEBUG : delivery_services.truck : truck #: 1delivered: 6at 10:05 o'clock local time.The package was left at 3060 Lester St (84119)after having traveled a total of 37.6 miles.
2023-12-27 21:55:42,696 : DEBUG : delivery_services.truck : truck #: 1delivered: 32at 10:10 o'clock local time.The package was left at 3365 S 900 W (84119)after having traveled a total of 39.1 miles.
2023-12-27 21:55:42,696 : DEBUG : delivery_services.truck : truck #: 1delivered: 28at 10:20 o'clock local time.The package was left at 2835 Main St (84115)after having traveled a total of 42.0 miles.
2023-12-27 21:55:42,696 : DEBUG : delivery_services.truck : truck #: 2delivered: 24at 10:42 o'clock local time.The package was left at 5025 State St (84107)after having traveled a total of 48.6 miles.
2023-12-27 21:55:42,696 : DEBUG : delivery_services.truck : truck #: 2delivered: 22at 10:52 o'clock local time.The package was left at 6351 S 900 E (84121)after having traveled a total of 51.7 miles.
2023-12-27 21:55:42,696 : DEBUG : delivery_services.truck : truck #: 2delivered: 9at 11:36 o'clock local time.The package was left at 410 S State St (84111)after having traveled a total of 64.8 miles.
